<?xml version="1.0" encoding="UTF-8"?>
<testng-results skipped="0" failed="0" ignored="0" total="1" passed="1">
  <reporter-output>
  </reporter-output>
  <suite name="Pages.HomePage_Test" duration-ms="80464" started-at="2018-02-16T20:58:56Z" finished-at="2018-02-16T21:00:16Z">
    <groups>
    </groups>
    <test name="Command line test" duration-ms="80464" started-at="2018-02-16T20:58:56Z" finished-at="2018-02-16T21:00:16Z">
      <class name="Pages.HomePage_Test">
        <test-method status="PASS" signature="HomePageValidation()[pri:0, instance:Pages.HomePage_Test@1554909b]" name="HomePageValidation" duration-ms="80404" started-at="2018-02-17T02:28:56Z" finished-at="2018-02-17T02:30:16Z">
          <reporter-output>
          </reporter-output>
        </test-method> <!-- HomePageValidation -->
      </class> <!-- Pages.HomePage_Test -->
    </test> <!-- Command line test -->
  </suite> <!-- Pages.HomePage_Test -->
</testng-results>
